# JRE version: Java(TM) SE Runtime Environment (15.0.2+7) (build 15.0.2+7-27)
# Java VM: Java HotSpot(TM) 64-Bit Server VM (15.0.2+7-27, mixed mode, sharing, tiered, compressed oops, g1 gc, windows-amd64)
GC Precious Log:
 CPUs: 2 total, 2 available
 Memory: 8191M
 Large Page Support: Disabled
 NUMA Support: Disabled
 Compressed Oops: Enabled (32-bit)
 Heap Region Size: 1M
 Heap Min Capacity: 256M
 Heap Initial Capacity: 256M
 Heap Max Capacity: 512M
 Pre-touch: Disabled
 Parallel Workers: 2
 Concurrent Workers: 1
 Concurrent Refinement Workers: 2
 Periodic GC: Disabled
Heap:
 garbage-first heap   total 262144K, used 91648K [0x00000000e0000000, 0x0000000100000000)
  region size 1024K, 15 young (15360K), 8 survivors (8192K)
 Metaspace       used 51911K, capacity 52619K, committed 52944K, reserved 301056K
  class space    used 6894K, capacity 7171K, committed 7296K, reserved 253952K
GC Heap History (18 events):
Event: 0.682 GC heap before
{Heap before GC invocations=0 (full 0):
 garbage-first heap   total 262144K, used 17408K [0x00000000e0000000, 0x0000000100000000)
  region size 1024K, 12 young (12288K), 0 survivors (0K)
 Metaspace       used 1252K, capacity 4921K, committed 5120K, reserved 262144K
  class space    used 106K, capacity 467K, committed 512K, reserved 253952K
}
Event: 0.689 GC heap after
{Heap after GC invocations=1 (full 0):
 garbage-first heap   total 262144K, used 8192K [0x00000000e0000000, 0x0000000100000000)
  region size 1024K, 2 young (2048K), 2 survivors (2048K)
 Metaspace       used 1252K, capacity 4921K, committed 5120K, reserved 262144K
  class space    used 106K, capacity 467K, committed 512K, reserved 253952K
}
Event: 1.214 GC heap before
{Heap before GC invocations=1 (full 0):
 garbage-first heap   total 262144K, used 18432K [0x00000000e0000000, 0x0000000100000000)
  region size 1024K, 12 young (12288K), 2 survivors (2048K)
 Metaspace       used 3799K, capacity 6469K, committed 6656K, reserved 262144K
  class space    used 468K, capacity 727K, committed 768K, reserved 253952K
}
Event: 1.220 GC heap after
{Heap after GC invocations=2 (full 0):
 garbage-first heap   total 262144K, used 9044K [0x00000000e0000000, 0x0000000100000000)
  region size 1024K, 1 young (1024K), 1 survivors (1024K)
 Metaspace       used 3799K, capacity 6469K, committed 6656K, reserved 262144K
  class space    used 468K, capacity 727K, committed 768K, reserved 253952K
}
Event: 1.401 GC heap before
{Heap before GC invocations=2 (full 0):
 garbage-first heap   total 262144K, used 20308K [0x00000000e0000000, 0x0000000100000000)
  region size 1024K, 13 young (13312K), 1 survivors (1024K)
 Metaspace       used 3965K, capacity 6533K, committed 6656K, reserved 262144K
  class space    used 477K, capacity 727K, committed 768K, reserved 253952K
}
Event: 1.404 GC heap after
{Heap after GC invocations=3 (full 0):
 garbage-first heap   total 262144K, used 9319K [0x00000000e0000000, 0x0000000100000000)
  region size 1024K, 2 young (2048K), 2 survivors (2048K)
 Metaspace       used 3965K, capacity 6533K, committed 6656K, reserved 262144K
  class space    used 477K, capacity 727K, committed 768K, reserved 253952K
}
Event: 1.905 GC heap before
{Heap before GC invocations=3 (full 0):
 garbage-first heap   total 262144K, used 32871K [0x00000000e0000000, 0x0000000100000000)
  region size 1024K, 26 young (26624K), 2 survivors (2048K)
 Metaspace       used 4522K, capacity 7005K, committed 7040K, reserved 262144K
  class space    used 585K, capacity 863K, committed 896K, reserved 253952K
}
Event: 1.914 GC heap after
{Heap after GC invocations=4 (full 0):
 garbage-first heap   total 262144K, used 13701K [0x00000000e0000000, 0x0000000100000000)
  region size 1024K, 4 young (4096K), 4 survivors (4096K)
 Metaspace       used 4522K, capacity 7005K, committed 7040K, reserved 262144K
  class space    used 585K, capacity 863K, committed 896K, reserved 253952K
}
Event: 4.810 GC heap before
{Heap before GC invocations=4 (full 0):
 garbage-first heap   total 262144K, used 96645K [0x00000000e0000000, 0x0000000100000000)
  region size 1024K, 86 young (88064K), 4 survivors (4096K)
 Metaspace       used 20740K, capacity 21165K, committed 21296K, reserved 272384K
  class space    used 3004K, capacity 3174K, committed 3200K, reserved 253952K
}
Event: 4.840 GC heap after
{Heap after GC invocations=5 (full 0):
 garbage-first heap   total 262144K, used 19408K [0x00000000e0000000, 0x0000000100000000)
  region size 1024K, 10 young (10240K), 10 survivors (10240K)
 Metaspace       used 20740K, capacity 21165K, committed 21296K, reserved 272384K
  class space    used 3004K, capacity 3174K, committed 3200K, reserved 253952K
}
Event: 7.575 GC heap before
{Heap before GC invocations=6 (full 0):
 garbage-first heap   total 262144K, used 100304K [0x00000000e0000000, 0x0000000100000000)
  region size 1024K, 87 young (89088K), 10 survivors (10240K)
 Metaspace       used 35227K, capacity 35845K, committed 35920K, reserved 286720K
  class space    used 4684K, capacity 4858K, committed 4864K, reserved 253952K
}
Event: 7.634 GC heap after
{Heap after GC invocations=7 (full 0):
 garbage-first heap   total 262144K, used 26157K [0x00000000e0000000, 0x0000000100000000)
  region size 1024K, 7 young (7168K), 7 survivors (7168K)
 Metaspace       used 35227K, capacity 35845K, committed 35920K, reserved 286720K
  class space    used 4684K, capacity 4858K, committed 4864K, reserved 253952K
}
Event: 11.066 GC heap before
{Heap before GC invocations=8 (full 0):
 garbage-first heap   total 262144K, used 114221K [0x00000000e0000000, 0x0000000100000000)
  region size 1024K, 91 young (93184K), 7 survivors (7168K)
 Metaspace       used 45033K, capacity 45685K, committed 45776K, reserved 294912K
  class space    used 5997K, capacity 6216K, committed 6272K, reserved 253952K
}
Event: 11.124 GC heap after
{Heap after GC invocations=9 (full 0):
 garbage-first heap   total 262144K, used 37356K [0x00000000e0000000, 0x0000000100000000)
  region size 1024K, 8 young (8192K), 8 survivors (8192K)
 Metaspace       used 45033K, capacity 45685K, committed 45776K, reserved 294912K
  class space    used 5997K, capacity 6216K, committed 6272K, reserved 253952K
}
Event: 13.286 GC heap before
{Heap before GC invocations=9 (full 0):
 garbage-first heap   total 262144K, used 147948K [0x00000000e0000000, 0x0000000100000000)
  region size 1024K, 114 young (116736K), 8 survivors (8192K)
 Metaspace       used 51866K, capacity 52523K, committed 52560K, reserved 301056K
  class space    used 6888K, capacity 7139K, committed 7168K, reserved 253952K
}
Event: 13.359 GC heap after
{Heap after GC invocations=10 (full 0):
 garbage-first heap   total 262144K, used 66560K [0x00000000e0000000, 0x0000000100000000)
  region size 1024K, 15 young (15360K), 15 survivors (15360K)
 Metaspace       used 51866K, capacity 52523K, committed 52560K, reserved 301056K
  class space    used 6888K, capacity 7139K, committed 7168K, reserved 253952K
}
Event: 13.827 GC heap before
{Heap before GC invocations=10 (full 0):
 garbage-first heap   total 262144K, used 116736K [0x00000000e0000000, 0x0000000100000000)
  region size 1024K, 64 young (65536K), 15 survivors (15360K)
 Metaspace       used 51893K, capacity 52619K, committed 52944K, reserved 301056K
  class space    used 6890K, capacity 7171K, committed 7296K, reserved 253952K
}
Event: 13.873 GC heap after
{Heap after GC invocations=11 (full 0):
 garbage-first heap   total 262144K, used 85504K [0x00000000e0000000, 0x0000000100000000)
  region size 1024K, 8 young (8192K), 8 survivors (8192K)
 Metaspace       used 51893K, capacity 52619K, committed 52944K, reserved 301056K
  class space    used 6890K, capacity 7171K, committed 7296K, reserved 253952K
}

