# JRE version: Java(TM) SE Runtime Environment (15.0.2+7) (build 15.0.2+7-27)
# Java VM: Java HotSpot(TM) 64-Bit Server VM (15.0.2+7-27, mixed mode, sharing, tiered, compressed oops, g1 gc, windows-amd64)
GC Precious Log:
 CPUs: 2 total, 2 available
 Memory: 8191M
 Large Page Support: Disabled
 NUMA Support: Disabled
 Compressed Oops: Enabled (32-bit)
 Heap Region Size: 1M
 Heap Min Capacity: 256M
 Heap Initial Capacity: 256M
 Heap Max Capacity: 512M
 Pre-touch: Disabled
 Parallel Workers: 2
 Concurrent Workers: 1
 Concurrent Refinement Workers: 2
 Periodic GC: Disabled
Heap:
 garbage-first heap   total 262144K, used 155648K [0x00000000e0000000, 0x0000000100000000)
  region size 1024K, 34 young (34816K), 11 survivors (11264K)
 Metaspace       used 77747K, capacity 79204K, committed 86096K, reserved 329728K
  class space    used 9513K, capacity 9941K, committed 11008K, reserved 253952K
GC Heap History (20 events):
Event: 170.889 GC heap before
{Heap before GC invocations=45 (full 0):
 garbage-first heap   total 262144K, used 194560K [0x00000000e0000000, 0x0000000100000000)
  region size 1024K, 84 young (86016K), 13 survivors (13312K)
 Metaspace       used 53836K, capacity 54865K, committed 54992K, reserved 303104K
  class space    used 6944K, capacity 7287K, committed 7296K, reserved 253952K
}
Event: 170.919 GC heap after
{Heap after GC invocations=46 (full 0):
 garbage-first heap   total 262144K, used 140288K [0x00000000e0000000, 0x0000000100000000)
  region size 1024K, 11 young (11264K), 11 survivors (11264K)
 Metaspace       used 53836K, capacity 54865K, committed 54992K, reserved 303104K
  class space    used 6944K, capacity 7287K, committed 7296K, reserved 253952K
}
Event: 172.516 GC heap before
{Heap before GC invocations=46 (full 0):
 garbage-first heap   total 262144K, used 198656K [0x00000000e0000000, 0x0000000100000000)
  region size 1024K, 68 young (69632K), 11 survivors (11264K)
 Metaspace       used 53847K, capacity 54877K, committed 54992K, reserved 303104K
  class space    used 6945K, capacity 7289K, committed 7296K, reserved 253952K
}
Event: 172.529 GC heap after
{Heap after GC invocations=47 (full 0):
 garbage-first heap   total 262144K, used 137728K [0x00000000e0000000, 0x0000000100000000)
  region size 1024K, 2 young (2048K), 2 survivors (2048K)
 Metaspace       used 53847K, capacity 54877K, committed 54992K, reserved 303104K
  class space    used 6945K, capacity 7289K, committed 7296K, reserved 253952K
}
Event: 172.912 GC heap before
{Heap before GC invocations=48 (full 0):
 garbage-first heap   total 262144K, used 174592K [0x00000000e0000000, 0x0000000100000000)
  region size 1024K, 65 young (66560K), 2 survivors (2048K)
 Metaspace       used 53828K, capacity 54849K, committed 54992K, reserved 303104K
  class space    used 6938K, capacity 7281K, committed 7296K, reserved 253952K
}
Event: 172.922 GC heap after
{Heap after GC invocations=49 (full 0):
 garbage-first heap   total 262144K, used 118784K [0x00000000e0000000, 0x0000000100000000)
  region size 1024K, 9 young (9216K), 9 survivors (9216K)
 Metaspace       used 53828K, capacity 54849K, committed 54992K, reserved 303104K
  class space    used 6938K, capacity 7281K, committed 7296K, reserved 253952K
}
Event: 172.948 GC heap before
{Heap before GC invocations=49 (full 0):
 garbage-first heap   total 262144K, used 121856K [0x00000000e0000000, 0x0000000100000000)
  region size 1024K, 12 young (12288K), 9 survivors (9216K)
 Metaspace       used 53830K, capacity 54849K, committed 54992K, reserved 303104K
  class space    used 6938K, capacity 7281K, committed 7296K, reserved 253952K
}
Event: 172.954 GC heap after
{Heap after GC invocations=50 (full 0):
 garbage-first heap   total 262144K, used 84239K [0x00000000e0000000, 0x0000000100000000)
  region size 1024K, 1 young (1024K), 1 survivors (1024K)
 Metaspace       used 53830K, capacity 54849K, committed 54992K, reserved 303104K
  class space    used 6938K, capacity 7281K, committed 7296K, reserved 253952K
}
Event: 185.649 GC heap before
{Heap before GC invocations=50 (full 0):
 garbage-first heap   total 262144K, used 204047K [0x00000000e0000000, 0x0000000100000000)
  region size 1024K, 105 young (107520K), 1 survivors (1024K)
 Metaspace       used 64568K, capacity 65962K, committed 66256K, reserved 313344K
  class space    used 8163K, capacity 8535K, committed 8576K, reserved 253952K
}
Event: 185.680 GC heap after
{Heap after GC invocations=51 (full 0):
 garbage-first heap   total 262144K, used 109143K [0x00000000e0000000, 0x0000000100000000)
  region size 1024K, 11 young (11264K), 11 survivors (11264K)
 Metaspace       used 64568K, capacity 65962K, committed 66256K, reserved 313344K
  class space    used 8163K, capacity 8535K, committed 8576K, reserved 253952K
}
Event: 189.380 GC heap before
{Heap before GC invocations=51 (full 0):
 garbage-first heap   total 262144K, used 198231K [0x00000000e0000000, 0x0000000100000000)
  region size 1024K, 98 young (100352K), 11 survivors (11264K)
 Metaspace       used 73769K, capacity 75208K, committed 75344K, reserved 321536K
  class space    used 9246K, capacity 9663K, committed 9728K, reserved 253952K
}
Event: 189.425 GC heap after
{Heap after GC invocations=52 (full 0):
 garbage-first heap   total 262144K, used 115554K [0x00000000e0000000, 0x0000000100000000)
  region size 1024K, 7 young (7168K), 7 survivors (7168K)
 Metaspace       used 73769K, capacity 75208K, committed 75344K, reserved 321536K
  class space    used 9246K, capacity 9663K, committed 9728K, reserved 253952K
}
Event: 889.411 GC heap before
{Heap before GC invocations=52 (full 0):
 garbage-first heap   total 262144K, used 201570K [0x00000000e0000000, 0x0000000100000000)
  region size 1024K, 92 young (94208K), 7 survivors (7168K)
 Metaspace       used 78191K, capacity 79863K, committed 79952K, reserved 325632K
  class space    used 9794K, capacity 10237K, committed 10240K, reserved 253952K
}
Event: 889.450 GC heap after
{Heap after GC invocations=53 (full 0):
 garbage-first heap   total 262144K, used 120162K [0x00000000e0000000, 0x0000000100000000)
  region size 1024K, 11 young (11264K), 11 survivors (11264K)
 Metaspace       used 78191K, capacity 79863K, committed 79952K, reserved 325632K
  class space    used 9794K, capacity 10237K, committed 10240K, reserved 253952K
}
Event: 2131.083 GC heap before
{Heap before GC invocations=53 (full 0):
 garbage-first heap   total 262144K, used 206178K [0x00000000e0000000, 0x0000000100000000)
  region size 1024K, 96 young (98304K), 11 survivors (11264K)
 Metaspace       used 82466K, capacity 84591K, committed 84688K, reserved 329728K
  class space    used 10244K, capacity 10803K, committed 10880K, reserved 253952K
}
Event: 2131.125 GC heap after
{Heap after GC invocations=54 (full 0):
 garbage-first heap   total 262144K, used 122701K [0x00000000e0000000, 0x0000000100000000)
  region size 1024K, 8 young (8192K), 8 survivors (8192K)
 Metaspace       used 82466K, capacity 84591K, committed 84688K, reserved 329728K
  class space    used 10244K, capacity 10803K, committed 10880K, reserved 253952K
}
Event: 2134.313 GC heap before
{Heap before GC invocations=54 (full 0):
 garbage-first heap   total 262144K, used 212813K [0x00000000e0000000, 0x0000000100000000)
  region size 1024K, 94 young (96256K), 8 survivors (8192K)
 Metaspace       used 83559K, capacity 85784K, committed 86096K, reserved 329728K
  class space    used 10334K, capacity 10919K, committed 11008K, reserved 253952K
}
Event: 2134.351 GC heap after
{Heap after GC invocations=55 (full 0):
 garbage-first heap   total 262144K, used 137077K [0x00000000e0000000, 0x0000000100000000)
  region size 1024K, 12 young (12288K), 12 survivors (12288K)
 Metaspace       used 83559K, capacity 85784K, committed 86096K, reserved 329728K
  class space    used 10334K, capacity 10919K, committed 11008K, reserved 253952K
}
Event: 2134.860 GC heap before
{Heap before GC invocations=55 (full 0):
 garbage-first heap   total 262144K, used 208757K [0x00000000e0000000, 0x0000000100000000)
  region size 1024K, 83 young (84992K), 12 survivors (12288K)
 Metaspace       used 83566K, capacity 85784K, committed 86096K, reserved 329728K
  class space    used 10334K, capacity 10919K, committed 11008K, reserved 253952K
}
Event: 2134.903 GC heap after
{Heap after GC invocations=56 (full 0):
 garbage-first heap   total 262144K, used 155648K [0x00000000e0000000, 0x0000000100000000)
  region size 1024K, 11 young (11264K), 11 survivors (11264K)
 Metaspace       used 83566K, capacity 85784K, committed 86096K, reserved 329728K
  class space    used 10334K, capacity 10919K, committed 11008K, reserved 253952K
}

